==============================================================
File generated by Vivado(TM) HLS - High-Level Synthesis from C, C++ and SystemC
Version: 2016.2
Copyright (C) 1986-2016 Xilinx, Inc. All Rights Reserved.

==============================================================

@I [SYN-201] Setting up clock 'default' with a period of 10ns.
@I [HLS-10] Setting target device to 'xc7z010clg400-1'
@I [HLS-10] Analyzing design file 'atlagszamitas.c' ... 
@I [HLS-10] Validating synthesis directives ...
@I [HLS-10] Starting code transformations ...
@I [HLS-10] Checking synthesizability ...
@I [HLS-111] Elapsed time: 5.258 seconds; current memory usage: 70.8 MB.
@I [HLS-10] Starting hardware synthesis ...
@I [HLS-10] Synthesizing 'atlagszamitas' ...
@I [HLS-10] ----------------------------------------------------------------
@I [HLS-10] -- Scheduling module 'atlagszamitas' 
@I [HLS-10] ----------------------------------------------------------------
@I [SCHED-11] Starting scheduling ...
@I [SCHED-11] Finished scheduling.
@I [HLS-111] Elapsed time: 0.016 seconds; current memory usage: 71.8 MB.
@I [HLS-10] ----------------------------------------------------------------
@I [HLS-10] -- Exploring micro-architecture for module 'atlagszamitas' 
@I [HLS-10] ----------------------------------------------------------------
@I [BIND-100] Starting micro-architecture generation ...
@I [BIND-101] Performing variable lifetime analysis.
@I [BIND-101] Exploring resource sharing.
@I [BIND-101] Binding ...
@I [BIND-100] Finished micro-architecture generation.
@I [HLS-111] Elapsed time: 0.031 seconds; current memory usage: 71.8 MB.
@I [HLS-10] ----------------------------------------------------------------
@I [HLS-10] -- Generating RTL for module 'atlagszamitas' 
@I [HLS-10] ----------------------------------------------------------------
@I [RTGEN-500] Setting interface mode on port 'atlagszamitas/x' to 'ap_memory'.
@I [RTGEN-500] Setting interface mode on port 'atlagszamitas/N' to 'ap_none'.
@I [RTGEN-500] Setting interface mode on port 'atlagszamitas/z' to 'ap_vld'.
@I [RTGEN-500] Setting interface mode on function 'atlagszamitas' to 'ap_ctrl_hs'.
@I [RTGEN-100] Finished creating RTL model for 'atlagszamitas'.
@I [HLS-111] Elapsed time: 0.031 seconds; current memory usage: 71.9 MB.
@I [HLS-10] Finished generating all RTL models.
@I [SYSC-301] Generating SystemC RTL for atlagszamitas.
@I [VHDL-304] Generating VHDL RTL for atlagszamitas.
@I [VLOG-307] Generating Verilog RTL for atlagszamitas.
@I [HLS-112] Total elapsed time: 5.696 seconds; peak memory usage: 71.9 MB.
